<?xml version="1.0" encoding="UTF-8"?>
<testsuite name="com.amazon.ata.horizonal.JwtSecretMakerTest" tests="1" skipped="0" failures="0" errors="0" timestamp="2024-09-07T22:30:10" hostname="DESKTOP-JITS4IG" time="0.049">
  <properties/>
  <testcase name="generateSecretKey()" classname="com.amazon.ata.horizonal.JwtSecretMakerTest" time="0.049"/>
  <system-out><![CDATA[Generated Secret Key: 7Wfppr/eDqVqiM7hc4a3zWUkOxaPKVl90VZ6tlAVMEnkBatOOgnVtdYtyJhonnGMmSSJsM1VNkjLkO8XcfGShg==
]]></system-out>
  <system-err><![CDATA[]]></system-err>
</testsuite>
