<?xml version="1.0" encoding="UTF-8"?>
<testsuite name="com.amazon.ata.horizonal.JwtSecretMakerTest" tests="1" skipped="0" failures="0" errors="0" timestamp="2024-09-13T00:24:51" hostname="DESKTOP-JITS4IG" time="0.474">
  <properties/>
  <testcase name="generateSecretKey()" classname="com.amazon.ata.horizonal.JwtSecretMakerTest" time="0.474"/>
  <system-out><![CDATA[Generated Secret Key: 2bJm85Dp585ViZtX0zCAYxWa/yBRTAmRJ6IXHD4hGCaMnkqX5Y0zOWPsfIBV9d9eDAy3NYTbxxhaElH2sixZhg==
]]></system-out>
  <system-err><![CDATA[]]></system-err>
</testsuite>
