<?xml version="1.0" encoding="UTF-8"?>
<testsuite name="com.amazon.ata.horizonal.JwtSecretMakerTest" tests="1" skipped="0" failures="0" errors="0" timestamp="2024-08-30T15:11:48" hostname="DESKTOP-JITS4IG" time="0.895">
  <properties/>
  <testcase name="generateSecretKey()" classname="com.amazon.ata.horizonal.JwtSecretMakerTest" time="0.895"/>
  <system-out><![CDATA[Generated Secret Key: tgVGLq5ysVW+4V5klrOT9Y591Emr3QgnFc23Kt/HVemhFT32u+VfWoRu45UrRnpMS1Si4M1yUPs1rbzeOIcFVA==
]]></system-out>
  <system-err><![CDATA[]]></system-err>
</testsuite>
