<?xml version="1.0" encoding="UTF-8"?>
<testsuite name="com.amazon.ata.horizonal.JwtSecretMakerTest" tests="1" skipped="0" failures="0" errors="0" timestamp="2024-09-15T21:23:37" hostname="DESKTOP-JITS4IG" time="0.199">
  <properties/>
  <testcase name="generateSecretKey()" classname="com.amazon.ata.horizonal.JwtSecretMakerTest" time="0.199"/>
  <system-out><![CDATA[Generated Secret Key: Wz6vG8MEfg7/SYuIJe956tEmhfOskJj6KigKj0zPU7Hfa2lFHJ22LuIR8fYEVT/m3zMLMGKuQj4pwr7b/POXRg==
]]></system-out>
  <system-err><![CDATA[]]></system-err>
</testsuite>
