<?xml version="1.0" encoding="UTF-8"?>
<testsuite name="com.amazon.ata.horizonal.JwtSecretMakerTest" tests="1" skipped="0" failures="0" errors="0" timestamp="2024-09-03T18:21:17" hostname="DESKTOP-JITS4IG" time="0.123">
  <properties/>
  <testcase name="generateSecretKey()" classname="com.amazon.ata.horizonal.JwtSecretMakerTest" time="0.123"/>
  <system-out><![CDATA[Generated Secret Key: EBFS94cDFuYnIZG9wXIBRCdMBL+dg0LiKSpIM4bYOPpnxgbyA1w1/ZFv6w2s+BhfHUgSVmF/37y4W1cNvAc7hg==
]]></system-out>
  <system-err><![CDATA[]]></system-err>
</testsuite>
