<?xml version="1.0" encoding="UTF-8"?>
<testsuite name="com.amazon.ata.horizonal.JwtSecretMakerTest" tests="1" skipped="0" failures="0" errors="0" timestamp="2024-09-07T22:58:16" hostname="DESKTOP-JITS4IG" time="0.035">
  <properties/>
  <testcase name="generateSecretKey()" classname="com.amazon.ata.horizonal.JwtSecretMakerTest" time="0.035"/>
  <system-out><![CDATA[Generated Secret Key: a0pbBGZSd4jhcwXxETWqNSI2rRiqPtFtpiVvSbhUM+A9slDxQ/tVQcKwWwX9+mO1JIZ8OLootZtJWK5NWGhkQA==
]]></system-out>
  <system-err><![CDATA[]]></system-err>
</testsuite>
