<?xml version="1.0" encoding="UTF-8"?>
<testsuite name="com.amazon.ata.horizonal.JwtSecretMakerTest" tests="1" skipped="0" failures="0" errors="0" timestamp="2024-09-13T00:35:41" hostname="DESKTOP-JITS4IG" time="0.081">
  <properties/>
  <testcase name="generateSecretKey()" classname="com.amazon.ata.horizonal.JwtSecretMakerTest" time="0.081"/>
  <system-out><![CDATA[Generated Secret Key: m6yGR3upCkodPbBNIvy1tmMTBsi+ECtqmb8V2djoNFwsWRCiTY/H/rRzggGhM41OJ0+8V10DK/tIXzjZxLLdoA==
]]></system-out>
  <system-err><![CDATA[]]></system-err>
</testsuite>
