<?xml version="1.0" encoding="UTF-8"?>
<testsuite name="com.amazon.ata.horizonal.JwtSecretMakerTest" tests="1" skipped="0" failures="0" errors="0" timestamp="2024-08-30T01:02:07" hostname="DESKTOP-JITS4IG" time="0.068">
  <properties/>
  <testcase name="generateSecretKey()" classname="com.amazon.ata.horizonal.JwtSecretMakerTest" time="0.068"/>
  <system-out><![CDATA[Generated Secret Key: A4qp7b5HBl6F0N+Rn44LNZn3QWtgfZFW7spZRlYAUCVkkts0ew6MITFnjevShXpU/ReRNXnQ8RY+lVjkN6Gqmg==
]]></system-out>
  <system-err><![CDATA[]]></system-err>
</testsuite>
