<?xml version="1.0" encoding="UTF-8"?>
<testsuite name="com.amazon.ata.horizonal.HorizonalApplicationTests" tests="1" skipped="0" failures="0" errors="0" timestamp="2024-09-07T22:28:31" hostname="DESKTOP-JITS4IG" time="2.715">
  <properties/>
  <testcase name="contextLoads()" classname="com.amazon.ata.horizonal.HorizonalApplicationTests" time="2.715"/>
  <system-out><![CDATA[23:28:10.372 [Test worker] INFO org.springframework.test.context.support.AnnotationConfigContextLoaderUtils -- Could not detect default configuration classes for test class [com.amazon.ata.horizonal.HorizonalApplicationTests]: HorizonalApplicationTests does not declare any static, non-private, non-final, nested classes annotated with @Configuration.
23:28:10.687 [Test worker] INFO org.springframework.boot.test.context.SpringBootTestContextBootstrapper -- Found @SpringBootConfiguration com.amazon.ata.horizonal.HorizonalApplication for test class com.amazon.ata.horizonal.HorizonalApplicationTests

  .   ____          _            __ _ _
 /\\ / ___'_ __ _ _(_)_ __  __ _ \ \ \ \
( ( )\___ | '_ | '_| | '_ \/ _` | \ \ \ \
 \\/  ___)| |_)| | | | | || (_| |  ) ) ) )
  '  |____| .__|_| |_|_| |_\__, | / / / /
 =========|_|==============|___/=/_/_/_/

 :: Spring Boot ::                (v3.3.2)

2024-09-07T23:28:12.309+01:00  INFO 12704 --- [horizonal] [    Test worker] c.a.a.h.HorizonalApplicationTests        : Starting HorizonalApplicationTests using Java 17.0.12 with PID 12704 (started by HP in C:\Users\HP\Documents\ata)
2024-09-07T23:28:12.314+01:00  INFO 12704 --- [horizonal] [    Test worker] c.a.a.h.HorizonalApplicationTests        : The following 1 profile is active: "dev"
2024-09-07T23:28:16.576+01:00  INFO 12704 --- [horizonal] [    Test worker] .s.d.r.c.RepositoryConfigurationDelegate : Bootstrapping Spring Data JPA repositories in DEFAULT mode.
2024-09-07T23:28:16.849+01:00  INFO 12704 --- [horizonal] [    Test worker] .s.d.r.c.RepositoryConfigurationDelegate : Finished Spring Data repository scanning in 246 ms. Found 5 JPA repository interfaces.
2024-09-07T23:28:18.843+01:00  INFO 12704 --- [horizonal] [    Test worker] o.hibernate.jpa.internal.util.LogHelper  : HHH000204: Processing PersistenceUnitInfo [name: default]
2024-09-07T23:28:19.045+01:00  INFO 12704 --- [horizonal] [    Test worker] org.hibernate.Version                    : HHH000412: Hibernate ORM core version 6.5.2.Final
2024-09-07T23:28:19.200+01:00  INFO 12704 --- [horizonal] [    Test worker] o.h.c.internal.RegionFactoryInitiator    : HHH000026: Second-level cache disabled
2024-09-07T23:28:20.802+01:00  INFO 12704 --- [horizonal] [    Test worker] o.s.o.j.p.SpringPersistenceUnitInfo      : No LoadTimeWeaver setup: ignoring JPA class transformer
2024-09-07T23:28:20.889+01:00  INFO 12704 --- [horizonal] [    Test worker] com.zaxxer.hikari.HikariDataSource       : HikariPool-1 - Starting...
2024-09-07T23:28:22.985+01:00  INFO 12704 --- [horizonal] [    Test worker] com.zaxxer.hikari.pool.HikariPool        : HikariPool-1 - Added connection com.mysql.cj.jdbc.ConnectionImpl@79273a4f
2024-09-07T23:28:22.999+01:00  INFO 12704 --- [horizonal] [    Test worker] com.zaxxer.hikari.HikariDataSource       : HikariPool-1 - Start completed.
2024-09-07T23:28:23.176+01:00  WARN 12704 --- [horizonal] [    Test worker] org.hibernate.orm.deprecation            : HHH90000025: MySQL8Dialect does not need to be specified explicitly using 'hibernate.dialect' (remove the property setting and it will be selected by default)
2024-09-07T23:28:23.181+01:00  WARN 12704 --- [horizonal] [    Test worker] org.hibernate.orm.deprecation            : HHH90000026: MySQL8Dialect has been deprecated; use org.hibernate.dialect.MySQLDialect instead
2024-09-07T23:28:26.306+01:00  INFO 12704 --- [horizonal] [    Test worker] o.h.e.t.j.p.i.JtaPlatformInitiator       : HHH000489: No JTA platform available (set 'hibernate.transaction.jta.platform' to enable JTA platform integration)
2024-09-07T23:28:26.731+01:00  INFO 12704 --- [horizonal] [    Test worker] j.LocalContainerEntityManagerFactoryBean : Initialized JPA EntityManagerFactory for persistence unit 'default'
2024-09-07T23:28:28.993+01:00  WARN 12704 --- [horizonal] [    Test worker] JpaBaseConfiguration$JpaWebConfiguration : spring.jpa.open-in-view is enabled by default. Therefore, database queries may be performed during view rendering. Explicitly configure spring.jpa.open-in-view to disable this warning
2024-09-07T23:28:29.045+01:00  INFO 12704 --- [horizonal] [    Test worker] eAuthenticationProviderManagerConfigurer : Global AuthenticationManager configured with AuthenticationProvider bean with name authenticationProvider
2024-09-07T23:28:29.047+01:00  WARN 12704 --- [horizonal] [    Test worker] r$InitializeUserDetailsManagerConfigurer : Global AuthenticationManager configured with an AuthenticationProvider bean. UserDetailsService beans will not be used for username/password login. Consider removing the AuthenticationProvider bean. Alternatively, consider using the UserDetailsService in a manually instantiated DaoAuthenticationProvider.
2024-09-07T23:28:31.651+01:00  INFO 12704 --- [horizonal] [    Test worker] c.a.a.h.HorizonalApplicationTests        : Started HorizonalApplicationTests in 20.347 seconds (process running for 24.039)
]]></system-out>
  <system-err><![CDATA[]]></system-err>
</testsuite>
