<?xml version="1.0" encoding="UTF-8"?>
<testsuite name="com.amazon.ata.horizonal.JwtSecretMakerTest" tests="1" skipped="0" failures="0" errors="0" timestamp="2024-09-15T18:27:52" hostname="DESKTOP-JITS4IG" time="0.295">
  <properties/>
  <testcase name="generateSecretKey()" classname="com.amazon.ata.horizonal.JwtSecretMakerTest" time="0.295"/>
  <system-out><![CDATA[Generated Secret Key: yUexLWw8kRNm9hozn8NVIA1ZzGNecRUzQWvLo96xjSZ7wTGeDlaXm0uH3o0a9zV6fR5Cl2AIGVYervgPvcs2oA==
]]></system-out>
  <system-err><![CDATA[]]></system-err>
</testsuite>
