<?xml version="1.0" encoding="UTF-8"?>
<testsuite name="com.amazon.ata.horizonal.JwtSecretMakerTest" tests="1" skipped="0" failures="0" errors="0" timestamp="2024-08-30T01:22:41" hostname="DESKTOP-JITS4IG" time="0.093">
  <properties/>
  <testcase name="generateSecretKey()" classname="com.amazon.ata.horizonal.JwtSecretMakerTest" time="0.093"/>
  <system-out><![CDATA[Generated Secret Key: 0qC3/A18hrdF5g9n6pFBFUqNcSKp4nfLzUwvVRDxbluYKLwjRMWIRMLTgmP6vWpe5LDkuEmfOxaztKVWrRctVw==
]]></system-out>
  <system-err><![CDATA[]]></system-err>
</testsuite>
