<?xml version="1.0" encoding="UTF-8"?>
<testsuite name="com.amazon.ata.horizonal.JwtSecretMakerTest" tests="1" skipped="0" failures="0" errors="0" timestamp="2024-08-30T00:42:06" hostname="DESKTOP-JITS4IG" time="0.104">
  <properties/>
  <testcase name="generateSecretKey()" classname="com.amazon.ata.horizonal.JwtSecretMakerTest" time="0.104"/>
  <system-out><![CDATA[Generated Secret Key: eugveb10Nb3HOTnSoKACwmSMMmo/Ke2wWrGjJ+rryqRRI4nPRBTqXhv0blwQN9LJj9iWD2TV6ROrHe1V6uSg8w==
]]></system-out>
  <system-err><![CDATA[]]></system-err>
</testsuite>
