<?xml version="1.0" encoding="UTF-8"?>
<testsuite name="com.amazon.ata.horizonal.JwtSecretMakerTest" tests="1" skipped="0" failures="0" errors="0" timestamp="2024-09-15T20:33:07" hostname="DESKTOP-JITS4IG" time="0.29">
  <properties/>
  <testcase name="generateSecretKey()" classname="com.amazon.ata.horizonal.JwtSecretMakerTest" time="0.29"/>
  <system-out><![CDATA[Generated Secret Key: uClwjU/NiVx7GZXYXRAQfmC0wPJjPunYV3itzeRwEUNU2DA5QWTBh+yodGXlQJ8d/YDvZjwriB1vqXeB7ap2gA==
]]></system-out>
  <system-err><![CDATA[]]></system-err>
</testsuite>
