<?xml version="1.0" encoding="UTF-8"?>
<testsuite name="com.amazon.ata.horizonal.JwtSecretMakerTest" tests="1" skipped="0" failures="0" errors="0" timestamp="2024-08-29T21:18:09" hostname="DESKTOP-JITS4IG" time="0.107">
  <properties/>
  <testcase name="generateSecretKey()" classname="com.amazon.ata.horizonal.JwtSecretMakerTest" time="0.107"/>
  <system-out><![CDATA[Generated Secret Key: n/2lAQZWSJjHcs9f15wFGg9H9WB71tsbdCHWf6/WfJM3wxbjX9UX9lHOUJIsuvQHKbhDPYrzYfUtBpL5pF5AQw==
]]></system-out>
  <system-err><![CDATA[]]></system-err>
</testsuite>
