<?xml version="1.0" encoding="UTF-8"?>
<testsuite name="com.amazon.ata.horizonal.JwtSecretMakerTest" tests="1" skipped="0" failures="0" errors="0" timestamp="2024-09-07T22:28:34" hostname="DESKTOP-JITS4IG" time="0.003">
  <properties/>
  <testcase name="generateSecretKey()" classname="com.amazon.ata.horizonal.JwtSecretMakerTest" time="0.003"/>
  <system-out><![CDATA[Generated Secret Key: IyPBk1u8y58hXeaOBem6uTB5YrABW7G8uuaT0dIU/XcRjuE7IGMFRq0zdAlh9rexzSz+W4tCwRodOPN0E3yyEw==
]]></system-out>
  <system-err><![CDATA[]]></system-err>
</testsuite>
