<?xml version="1.0" encoding="UTF-8"?>
<testsuite name="com.amazon.ata.horizonal.JwtSecretMakerTest" tests="1" skipped="0" failures="0" errors="0" timestamp="2024-09-07T22:22:11" hostname="DESKTOP-JITS4IG" time="0.344">
  <properties/>
  <testcase name="generateSecretKey()" classname="com.amazon.ata.horizonal.JwtSecretMakerTest" time="0.344"/>
  <system-out><![CDATA[Generated Secret Key: RJe4GF0Ivnzq5TGx+6B6XJq8F76e9Q0lr+cSXTnB2zP1O9ZLhPxl47LaFC5W1qWr7BSZGI5rXSA/FYxzItMwlQ==
]]></system-out>
  <system-err><![CDATA[]]></system-err>
</testsuite>
