<?xml version="1.0" encoding="UTF-8"?>
<testsuite name="com.amazon.ata.horizonal.JwtSecretMakerTest" tests="1" skipped="0" failures="0" errors="0" timestamp="2024-09-15T17:32:24" hostname="DESKTOP-JITS4IG" time="0.261">
  <properties/>
  <testcase name="generateSecretKey()" classname="com.amazon.ata.horizonal.JwtSecretMakerTest" time="0.261"/>
  <system-out><![CDATA[Generated Secret Key: kuRvMEl6XkH7qcdyb+aj7idCA3LmK2UdW52jkJOgcXqtsfC8TLpStu9sjMCYLJidD3ElhGoL7fsW9e+jWh+O4g==
]]></system-out>
  <system-err><![CDATA[]]></system-err>
</testsuite>
